2026-02-06 17:14:32,300 - TradingHub - INFO - [*] Launching Multi-Location Engine: ['london']
2026-02-06 17:14:32,300 - TradingHub - INFO - [*] Mode: DRY RUN
2026-02-06 17:14:32,300 - TradingHub - INFO - [+] Loop Started: london | Slug: highest-temperature-in-london-on-february-6-2026 | TZ: 0
2026-02-06 17:14:37,432 - TradingHub - INFO - [london  ] V_fit: 8.06 | Status: IDLE  | Reason: Outside peak hours (9.233333333333333)
2026-02-06 17:15:10,694 - TradingHub - INFO - [london  ] V_fit: 8.06 | Status: IDLE  | Reason: Outside peak hours (9.25)
2026-02-06 17:15:43,908 - TradingHub - INFO - [london  ] V_fit: 8.06 | Status: IDLE  | Reason: Outside peak hours (9.25)
2026-02-06 17:16:17,095 - TradingHub - INFO - [london  ] V_fit: 8.06 | Status: IDLE  | Reason: Outside peak hours (9.266666666666667)
2026-02-06 17:16:51,120 - TradingHub - INFO - [london  ] V_fit: 8.06 | Status: IDLE  | Reason: Outside peak hours (9.266666666666667)
2026-02-06 17:17:24,113 - TradingHub - INFO - [london  ] V_fit: 8.06 | Status: IDLE  | Reason: Outside peak hours (9.283333333333333)
2026-02-06 17:17:59,257 - TradingHub - INFO - [london  ] V_fit: 8.06 | Status: IDLE  | Reason: Outside peak hours (9.283333333333333)
2026-02-06 17:18:32,452 - TradingHub - INFO - [london  ] V_fit: 8.06 | Status: IDLE  | Reason: Outside peak hours (9.3)
2026-02-06 17:19:06,038 - TradingHub - INFO - [london  ] V_fit: 8.06 | Status: IDLE  | Reason: Outside peak hours (9.316666666666666)
2026-02-06 17:19:40,175 - TradingHub - INFO - [london  ] V_fit: 8.06 | Status: IDLE  | Reason: Outside peak hours (9.316666666666666)
2026-02-06 17:20:13,472 - TradingHub - INFO - [london  ] V_fit: 8.06 | Status: IDLE  | Reason: Outside peak hours (9.333333333333334)
2026-02-06 17:20:46,122 - TradingHub - INFO - [london  ] V_fit: 8.06 | Status: IDLE  | Reason: Outside peak hours (9.333333333333334)
2026-02-06 17:21:19,055 - TradingHub - INFO - [london  ] V_fit: 8.06 | Status: IDLE  | Reason: Outside peak hours (9.35)
2026-02-06 17:21:52,048 - TradingHub - INFO - [london  ] V_fit: 8.06 | Status: IDLE  | Reason: Outside peak hours (9.35)
2026-02-06 17:22:25,380 - TradingHub - INFO - [london  ] V_fit: 8.06 | Status: IDLE  | Reason: Outside peak hours (9.366666666666667)
2026-02-06 17:22:58,353 - TradingHub - INFO - [london  ] V_fit: 8.06 | Status: IDLE  | Reason: Outside peak hours (9.366666666666667)
2026-02-06 17:23:31,597 - TradingHub - INFO - [london  ] V_fit: 8.06 | Status: IDLE  | Reason: Outside peak hours (9.383333333333333)
2026-02-06 17:24:04,251 - TradingHub - INFO - [london  ] V_fit: 8.06 | Status: IDLE  | Reason: Outside peak hours (9.4)
2026-02-06 17:24:37,565 - TradingHub - INFO - [london  ] V_fit: 8.06 | Status: IDLE  | Reason: Outside peak hours (9.4)
2026-02-06 17:25:10,620 - TradingHub - INFO - [london  ] V_fit: 8.06 | Status: IDLE  | Reason: Outside peak hours (9.416666666666666)
2026-02-06 17:25:43,887 - TradingHub - INFO - [london  ] V_fit: 8.06 | Status: IDLE  | Reason: Outside peak hours (9.416666666666666)
2026-02-06 17:26:16,834 - TradingHub - INFO - [london  ] V_fit: 8.06 | Status: IDLE  | Reason: Outside peak hours (9.433333333333334)
2026-02-06 17:26:50,670 - TradingHub - INFO - [london  ] V_fit: 8.06 | Status: IDLE  | Reason: Outside peak hours (9.433333333333334)
2026-02-06 17:27:23,740 - TradingHub - INFO - [london  ] V_fit: 8.06 | Status: IDLE  | Reason: Outside peak hours (9.45)
2026-02-06 17:27:56,823 - TradingHub - INFO - [london  ] V_fit: 8.06 | Status: IDLE  | Reason: Outside peak hours (9.45)
2026-02-06 17:28:30,066 - TradingHub - INFO - [london  ] V_fit: 8.06 | Status: IDLE  | Reason: Outside peak hours (9.466666666666667)
2026-02-06 17:29:03,335 - TradingHub - INFO - [london  ] V_fit: 8.06 | Status: IDLE  | Reason: Outside peak hours (9.483333333333333)
2026-02-06 17:29:36,581 - TradingHub - INFO - [london  ] V_fit: 8.06 | Status: IDLE  | Reason: Outside peak hours (9.483333333333333)
2026-02-06 17:30:11,300 - TradingHub - INFO - [london  ] V_fit: 8.12 | Status: IDLE  | Reason: Outside peak hours (9.5)
2026-02-06 17:30:45,055 - TradingHub - INFO - [london  ] V_fit: 8.12 | Status: IDLE  | Reason: Outside peak hours (9.5)
2026-02-06 17:31:17,770 - TradingHub - INFO - [london  ] V_fit: 8.12 | Status: IDLE  | Reason: Outside peak hours (9.516666666666667)
2026-02-06 17:31:51,568 - TradingHub - INFO - [london  ] V_fit: 8.12 | Status: IDLE  | Reason: Outside peak hours (9.516666666666667)
2026-02-06 17:32:25,351 - TradingHub - INFO - [london  ] V_fit: 8.12 | Status: IDLE  | Reason: Outside peak hours (9.533333333333333)
2026-02-06 17:32:59,397 - TradingHub - INFO - [london  ] V_fit: 8.12 | Status: IDLE  | Reason: Outside peak hours (9.533333333333333)
2026-02-06 17:33:33,002 - TradingHub - INFO - [london  ] V_fit: 8.12 | Status: IDLE  | Reason: Outside peak hours (9.55)
2026-02-06 17:34:07,103 - TradingHub - INFO - [london  ] V_fit: 8.12 | Status: IDLE  | Reason: Outside peak hours (9.566666666666666)
2026-02-06 17:34:41,507 - TradingHub - INFO - [london  ] V_fit: 8.12 | Status: IDLE  | Reason: Outside peak hours (9.566666666666666)
2026-02-06 17:35:15,726 - TradingHub - INFO - [london  ] V_fit: 8.12 | Status: IDLE  | Reason: Outside peak hours (9.583333333333334)
2026-02-06 17:35:49,890 - TradingHub - INFO - [london  ] V_fit: 8.12 | Status: IDLE  | Reason: Outside peak hours (9.583333333333334)
2026-02-06 17:36:24,196 - TradingHub - INFO - [london  ] V_fit: 8.12 | Status: IDLE  | Reason: Outside peak hours (9.6)
2026-02-06 17:36:58,196 - TradingHub - INFO - [london  ] V_fit: 8.12 | Status: IDLE  | Reason: Outside peak hours (9.6)
2026-02-06 17:37:34,358 - TradingHub - INFO - [london  ] V_fit: 8.12 | Status: IDLE  | Reason: Outside peak hours (9.616666666666667)
2026-02-06 17:38:07,423 - TradingHub - INFO - [london  ] V_fit: 8.12 | Status: IDLE  | Reason: Outside peak hours (9.633333333333333)
2026-02-06 17:38:41,516 - TradingHub - INFO - [london  ] V_fit: 8.12 | Status: IDLE  | Reason: Outside peak hours (9.633333333333333)
2026-02-06 17:39:14,505 - TradingHub - INFO - [london  ] V_fit: 8.12 | Status: IDLE  | Reason: Outside peak hours (9.65)
2026-02-06 17:39:49,021 - TradingHub - INFO - [london  ] V_fit: 8.12 | Status: IDLE  | Reason: Outside peak hours (9.65)
2026-02-06 17:40:24,213 - TradingHub - INFO - [london  ] V_fit: 8.12 | Status: IDLE  | Reason: Outside peak hours (9.666666666666666)
2026-02-06 17:40:57,801 - TradingHub - INFO - [london  ] V_fit: 8.12 | Status: IDLE  | Reason: Outside peak hours (9.666666666666666)
2026-02-06 17:41:33,085 - TradingHub - INFO - [london  ] V_fit: 8.12 | Status: IDLE  | Reason: Outside peak hours (9.683333333333334)
2026-02-06 17:42:07,992 - TradingHub - INFO - [london  ] V_fit: 8.12 | Status: IDLE  | Reason: Outside peak hours (9.7)
2026-02-06 17:42:42,070 - TradingHub - INFO - [london  ] V_fit: 8.12 | Status: IDLE  | Reason: Outside peak hours (9.7)
2026-02-06 17:43:18,304 - TradingHub - INFO - [london  ] V_fit: 8.12 | Status: IDLE  | Reason: Outside peak hours (9.716666666666667)
2026-02-06 17:43:53,617 - TradingHub - INFO - [london  ] V_fit: 8.12 | Status: IDLE  | Reason: Outside peak hours (9.716666666666667)
2026-02-06 17:44:29,560 - TradingHub - INFO - [london  ] V_fit: 8.12 | Status: IDLE  | Reason: Outside peak hours (9.733333333333333)
2026-02-06 17:45:13,268 - TradingHub - INFO - [london  ] V_fit: 0.00 | Status: IDLE  | Reason: Data incomplete
2026-02-06 17:45:49,056 - TradingHub - INFO - [london  ] V_fit: 8.12 | Status: IDLE  | Reason: Outside peak hours (9.75)
2026-02-06 17:46:23,145 - TradingHub - INFO - [london  ] V_fit: 8.12 | Status: IDLE  | Reason: Outside peak hours (9.766666666666667)
2026-02-06 17:46:56,656 - TradingHub - INFO - [london  ] V_fit: 8.12 | Status: IDLE  | Reason: Outside peak hours (9.766666666666667)
2026-02-06 17:47:30,868 - TradingHub - INFO - [london  ] V_fit: 8.12 | Status: IDLE  | Reason: Outside peak hours (9.783333333333333)
2026-02-06 17:48:06,412 - TradingHub - INFO - [london  ] V_fit: 8.12 | Status: IDLE  | Reason: Outside peak hours (9.8)
2026-02-06 17:48:39,708 - TradingHub - INFO - [london  ] V_fit: 8.12 | Status: IDLE  | Reason: Outside peak hours (9.8)
2026-02-06 17:49:16,548 - TradingHub - INFO - [london  ] V_fit: 8.12 | Status: IDLE  | Reason: Outside peak hours (9.816666666666666)
2026-02-06 17:49:51,546 - TradingHub - INFO - [london  ] V_fit: 8.12 | Status: IDLE  | Reason: Outside peak hours (9.816666666666666)
2026-02-06 17:50:24,145 - TradingHub - INFO - [london  ] V_fit: 8.12 | Status: IDLE  | Reason: Outside peak hours (9.833333333333334)
2026-02-06 17:50:57,430 - TradingHub - INFO - [london  ] V_fit: 8.12 | Status: IDLE  | Reason: Outside peak hours (9.833333333333334)
2026-02-06 17:51:30,404 - TradingHub - INFO - [london  ] V_fit: 8.12 | Status: IDLE  | Reason: Outside peak hours (9.85)
2026-02-06 17:52:03,402 - TradingHub - INFO - [london  ] V_fit: 8.12 | Status: IDLE  | Reason: Outside peak hours (9.866666666666667)
2026-02-06 17:52:36,540 - TradingHub - INFO - [london  ] V_fit: 8.12 | Status: IDLE  | Reason: Outside peak hours (9.866666666666667)
2026-02-06 17:53:09,601 - TradingHub - INFO - [london  ] V_fit: 8.12 | Status: IDLE  | Reason: Outside peak hours (9.883333333333333)
2026-02-06 17:53:45,220 - TradingHub - INFO - [london  ] V_fit: 8.12 | Status: IDLE  | Reason: Outside peak hours (9.883333333333333)
2026-02-06 17:54:18,262 - TradingHub - INFO - [london  ] V_fit: 8.12 | Status: IDLE  | Reason: Outside peak hours (9.9)
2026-02-06 17:54:52,523 - TradingHub - INFO - [london  ] V_fit: 8.12 | Status: IDLE  | Reason: Outside peak hours (9.9)
2026-02-06 17:55:25,139 - TradingHub - INFO - [london  ] V_fit: 8.12 | Status: IDLE  | Reason: Outside peak hours (9.916666666666666)
2026-02-06 17:55:58,213 - TradingHub - INFO - [london  ] V_fit: 8.12 | Status: IDLE  | Reason: Outside peak hours (9.916666666666666)
2026-02-06 17:56:32,580 - TradingHub - INFO - [london  ] V_fit: 8.12 | Status: IDLE  | Reason: Outside peak hours (9.933333333333334)
2026-02-06 17:57:05,684 - TradingHub - INFO - [london  ] V_fit: 8.12 | Status: IDLE  | Reason: Outside peak hours (9.95)
2026-02-06 17:57:39,648 - TradingHub - INFO - [london  ] V_fit: 8.12 | Status: IDLE  | Reason: Outside peak hours (9.95)
2026-02-06 17:58:13,271 - TradingHub - INFO - [london  ] V_fit: 8.12 | Status: IDLE  | Reason: Outside peak hours (9.966666666666667)
2026-02-06 17:58:45,971 - TradingHub - INFO - [london  ] V_fit: 8.12 | Status: IDLE  | Reason: Outside peak hours (9.966666666666667)
2026-02-06 17:59:19,780 - TradingHub - INFO - [london  ] V_fit: 8.12 | Status: IDLE  | Reason: Outside peak hours (9.983333333333333)
2026-02-06 17:59:53,294 - TradingHub - INFO - [london  ] V_fit: 8.12 | Status: IDLE  | Reason: Outside peak hours (9.983333333333333)
2026-02-06 18:00:26,732 - TradingHub - INFO - [london  ] V_fit: 8.17 | Status: IDLE  | Reason: Outside peak hours (10.0)
2026-02-06 18:00:59,542 - TradingHub - INFO - [london  ] V_fit: 8.17 | Status: IDLE  | Reason: Outside peak hours (10.0)
